::1 - - [14/Sep/2020:16:07:58 +0000] "OPTIONS /api/me HTTP/1.1" 204 - "http://localhost:8080/" "Mozilla/5.0 (Windows NT 10.0; Win64; x64) AppleWebKit/537.36 (KHTML, like Gecko) Chrome/85.0.4183.102 Safari/537.36"
::1 - - [14/Sep/2020:16:07:58 +0000] "GET /api/me HTTP/1.1" 200 141 "http://localhost:8080/" "Mozilla/5.0 (Windows NT 10.0; Win64; x64) AppleWebKit/537.36 (KHTML, like Gecko) Chrome/85.0.4183.102 Safari/537.36"
::1 - - [14/Sep/2020:16:07:58 +0000] "OPTIONS /api/items HTTP/1.1" 204 - "http://localhost:8080/" "Mozilla/5.0 (Windows NT 10.0; Win64; x64) AppleWebKit/537.36 (KHTML, like Gecko) Chrome/85.0.4183.102 Safari/537.36"
::1 - - [14/Sep/2020:16:07:58 +0000] "OPTIONS /api/lists?status=active HTTP/1.1" 204 - "http://localhost:8080/" "Mozilla/5.0 (Windows NT 10.0; Win64; x64) AppleWebKit/537.36 (KHTML, like Gecko) Chrome/85.0.4183.102 Safari/537.36"
::1 - - [14/Sep/2020:16:07:58 +0000] "GET /api/lists?status=active HTTP/1.1" 200 174 "http://localhost:8080/" "Mozilla/5.0 (Windows NT 10.0; Win64; x64) AppleWebKit/537.36 (KHTML, like Gecko) Chrome/85.0.4183.102 Safari/537.36"
::1 - - [14/Sep/2020:16:07:58 +0000] "GET /api/items HTTP/1.1" 200 147761 "http://localhost:8080/" "Mozilla/5.0 (Windows NT 10.0; Win64; x64) AppleWebKit/537.36 (KHTML, like Gecko) Chrome/85.0.4183.102 Safari/537.36"
::1 - - [14/Sep/2020:16:07:58 +0000] "OPTIONS /api/lists/329/items HTTP/1.1" 204 - "http://localhost:8080/" "Mozilla/5.0 (Windows NT 10.0; Win64; x64) AppleWebKit/537.36 (KHTML, like Gecko) Chrome/85.0.4183.102 Safari/537.36"
::1 - - [14/Sep/2020:16:07:58 +0000] "GET /api/lists/329/items HTTP/1.1" 200 610 "http://localhost:8080/" "Mozilla/5.0 (Windows NT 10.0; Win64; x64) AppleWebKit/537.36 (KHTML, like Gecko) Chrome/85.0.4183.102 Safari/537.36"
::1 - - [14/Sep/2020:16:08:25 +0000] "OPTIONS /api/me HTTP/1.1" 204 - "http://localhost:8080/" "Mozilla/5.0 (Windows NT 10.0; Win64; x64) AppleWebKit/537.36 (KHTML, like Gecko) Chrome/85.0.4183.102 Safari/537.36"
::1 - - [14/Sep/2020:16:08:25 +0000] "GET /api/me HTTP/1.1" 200 141 "http://localhost:8080/" "Mozilla/5.0 (Windows NT 10.0; Win64; x64) AppleWebKit/537.36 (KHTML, like Gecko) Chrome/85.0.4183.102 Safari/537.36"
::1 - - [14/Sep/2020:16:08:25 +0000] "OPTIONS /api/items HTTP/1.1" 204 - "http://localhost:8080/" "Mozilla/5.0 (Windows NT 10.0; Win64; x64) AppleWebKit/537.36 (KHTML, like Gecko) Chrome/85.0.4183.102 Safari/537.36"
::1 - - [14/Sep/2020:16:08:25 +0000] "OPTIONS /api/lists?status=active HTTP/1.1" 204 - "http://localhost:8080/" "Mozilla/5.0 (Windows NT 10.0; Win64; x64) AppleWebKit/537.36 (KHTML, like Gecko) Chrome/85.0.4183.102 Safari/537.36"
::1 - - [14/Sep/2020:16:08:25 +0000] "GET /api/items HTTP/1.1" 200 147761 "http://localhost:8080/" "Mozilla/5.0 (Windows NT 10.0; Win64; x64) AppleWebKit/537.36 (KHTML, like Gecko) Chrome/85.0.4183.102 Safari/537.36"
::1 - - [14/Sep/2020:16:08:25 +0000] "GET /api/lists?status=active HTTP/1.1" 200 174 "http://localhost:8080/" "Mozilla/5.0 (Windows NT 10.0; Win64; x64) AppleWebKit/537.36 (KHTML, like Gecko) Chrome/85.0.4183.102 Safari/537.36"
::1 - - [14/Sep/2020:16:08:26 +0000] "OPTIONS /api/lists/329/items HTTP/1.1" 204 - "http://localhost:8080/" "Mozilla/5.0 (Windows NT 10.0; Win64; x64) AppleWebKit/537.36 (KHTML, like Gecko) Chrome/85.0.4183.102 Safari/537.36"
::1 - - [14/Sep/2020:16:08:26 +0000] "GET /api/lists/329/items HTTP/1.1" 200 610 "http://localhost:8080/" "Mozilla/5.0 (Windows NT 10.0; Win64; x64) AppleWebKit/537.36 (KHTML, like Gecko) Chrome/85.0.4183.102 Safari/537.36"
::1 - - [14/Sep/2020:16:08:39 +0000] "GET /api/oauth/github/callback?code=f4048412452fd8aaba17 HTTP/1.1" 302 405 "http://localhost:8080/" "Mozilla/5.0 (Windows NT 10.0; Win64; x64) AppleWebKit/537.36 (KHTML, like Gecko) Chrome/85.0.4183.102 Safari/537.36"
::1 - - [14/Sep/2020:16:08:40 +0000] "OPTIONS /api/me HTTP/1.1" 204 - "http://localhost:8080/" "Mozilla/5.0 (Windows NT 10.0; Win64; x64) AppleWebKit/537.36 (KHTML, like Gecko) Chrome/85.0.4183.102 Safari/537.36"
::1 - - [14/Sep/2020:16:08:40 +0000] "GET /api/me HTTP/1.1" 200 131 "http://localhost:8080/" "Mozilla/5.0 (Windows NT 10.0; Win64; x64) AppleWebKit/537.36 (KHTML, like Gecko) Chrome/85.0.4183.102 Safari/537.36"
::1 - - [14/Sep/2020:16:08:40 +0000] "OPTIONS /api/lists?status=active HTTP/1.1" 204 - "http://localhost:8080/" "Mozilla/5.0 (Windows NT 10.0; Win64; x64) AppleWebKit/537.36 (KHTML, like Gecko) Chrome/85.0.4183.102 Safari/537.36"
::1 - - [14/Sep/2020:16:08:41 +0000] "OPTIONS /api/items HTTP/1.1" 204 - "http://localhost:8080/" "Mozilla/5.0 (Windows NT 10.0; Win64; x64) AppleWebKit/537.36 (KHTML, like Gecko) Chrome/85.0.4183.102 Safari/537.36"
::1 - - [14/Sep/2020:16:08:41 +0000] "GET /api/lists?status=active HTTP/1.1" 200 30 "http://localhost:8080/" "Mozilla/5.0 (Windows NT 10.0; Win64; x64) AppleWebKit/537.36 (KHTML, like Gecko) Chrome/85.0.4183.102 Safari/537.36"
::1 - - [14/Sep/2020:16:08:41 +0000] "GET /api/items HTTP/1.1" 200 30 "http://localhost:8080/" "Mozilla/5.0 (Windows NT 10.0; Win64; x64) AppleWebKit/537.36 (KHTML, like Gecko) Chrome/85.0.4183.102 Safari/537.36"
::1 - - [14/Sep/2020:16:08:41 +0000] "OPTIONS /api/lists HTTP/1.1" 204 - "http://localhost:8080/" "Mozilla/5.0 (Windows NT 10.0; Win64; x64) AppleWebKit/537.36 (KHTML, like Gecko) Chrome/85.0.4183.102 Safari/537.36"
::1 - - [14/Sep/2020:16:08:41 +0000] "POST /api/lists HTTP/1.1" 201 194 "http://localhost:8080/" "Mozilla/5.0 (Windows NT 10.0; Win64; x64) AppleWebKit/537.36 (KHTML, like Gecko) Chrome/85.0.4183.102 Safari/537.36"
::1 - - [14/Sep/2020:16:08:41 +0000] "OPTIONS /api/lists/330/items HTTP/1.1" 204 - "http://localhost:8080/" "Mozilla/5.0 (Windows NT 10.0; Win64; x64) AppleWebKit/537.36 (KHTML, like Gecko) Chrome/85.0.4183.102 Safari/537.36"
::1 - - [14/Sep/2020:16:08:41 +0000] "GET /api/lists/330/items HTTP/1.1" 200 40 "http://localhost:8080/" "Mozilla/5.0 (Windows NT 10.0; Win64; x64) AppleWebKit/537.36 (KHTML, like Gecko) Chrome/85.0.4183.102 Safari/537.36"
::1 - - [14/Sep/2020:16:08:49 +0000] "OPTIONS /api/me HTTP/1.1" 204 - "http://localhost:8080/" "Mozilla/5.0 (Windows NT 10.0; Win64; x64) AppleWebKit/537.36 (KHTML, like Gecko) Chrome/85.0.4183.102 Safari/537.36"
::1 - - [14/Sep/2020:16:08:49 +0000] "GET /api/me HTTP/1.1" 200 131 "http://localhost:8080/" "Mozilla/5.0 (Windows NT 10.0; Win64; x64) AppleWebKit/537.36 (KHTML, like Gecko) Chrome/85.0.4183.102 Safari/537.36"
::1 - - [14/Sep/2020:16:08:50 +0000] "OPTIONS /api/lists?status=active HTTP/1.1" 204 - "http://localhost:8080/" "Mozilla/5.0 (Windows NT 10.0; Win64; x64) AppleWebKit/537.36 (KHTML, like Gecko) Chrome/85.0.4183.102 Safari/537.36"
::1 - - [14/Sep/2020:16:08:50 +0000] "GET /api/lists?status=active HTTP/1.1" 200 187 "http://localhost:8080/" "Mozilla/5.0 (Windows NT 10.0; Win64; x64) AppleWebKit/537.36 (KHTML, like Gecko) Chrome/85.0.4183.102 Safari/537.36"
::1 - - [14/Sep/2020:16:08:50 +0000] "OPTIONS /api/items HTTP/1.1" 204 - "http://localhost:8080/" "Mozilla/5.0 (Windows NT 10.0; Win64; x64) AppleWebKit/537.36 (KHTML, like Gecko) Chrome/85.0.4183.102 Safari/537.36"
::1 - - [14/Sep/2020:16:08:50 +0000] "GET /api/items HTTP/1.1" 200 30 "http://localhost:8080/" "Mozilla/5.0 (Windows NT 10.0; Win64; x64) AppleWebKit/537.36 (KHTML, like Gecko) Chrome/85.0.4183.102 Safari/537.36"
::1 - - [14/Sep/2020:16:08:50 +0000] "OPTIONS /api/lists/330/items HTTP/1.1" 204 - "http://localhost:8080/" "Mozilla/5.0 (Windows NT 10.0; Win64; x64) AppleWebKit/537.36 (KHTML, like Gecko) Chrome/85.0.4183.102 Safari/537.36"
::1 - - [14/Sep/2020:16:08:50 +0000] "GET /api/lists/330/items HTTP/1.1" 200 40 "http://localhost:8080/" "Mozilla/5.0 (Windows NT 10.0; Win64; x64) AppleWebKit/537.36 (KHTML, like Gecko) Chrome/85.0.4183.102 Safari/537.36"
::1 - - [14/Sep/2020:16:14:20 +0000] "OPTIONS /api/me HTTP/1.1" 204 - "http://localhost:8080/" "Mozilla/5.0 (Windows NT 10.0; Win64; x64) AppleWebKit/537.36 (KHTML, like Gecko) Chrome/85.0.4183.102 Safari/537.36"
::1 - - [14/Sep/2020:16:14:20 +0000] "GET /api/me HTTP/1.1" 200 131 "http://localhost:8080/" "Mozilla/5.0 (Windows NT 10.0; Win64; x64) AppleWebKit/537.36 (KHTML, like Gecko) Chrome/85.0.4183.102 Safari/537.36"
::1 - - [14/Sep/2020:16:14:20 +0000] "OPTIONS /api/items HTTP/1.1" 204 - "http://localhost:8080/" "Mozilla/5.0 (Windows NT 10.0; Win64; x64) AppleWebKit/537.36 (KHTML, like Gecko) Chrome/85.0.4183.102 Safari/537.36"
::1 - - [14/Sep/2020:16:14:20 +0000] "OPTIONS /api/lists?status=active HTTP/1.1" 204 - "http://localhost:8080/" "Mozilla/5.0 (Windows NT 10.0; Win64; x64) AppleWebKit/537.36 (KHTML, like Gecko) Chrome/85.0.4183.102 Safari/537.36"
::1 - - [14/Sep/2020:16:14:20 +0000] "GET /api/lists?status=active HTTP/1.1" 200 187 "http://localhost:8080/" "Mozilla/5.0 (Windows NT 10.0; Win64; x64) AppleWebKit/537.36 (KHTML, like Gecko) Chrome/85.0.4183.102 Safari/537.36"
::1 - - [14/Sep/2020:16:14:20 +0000] "GET /api/items HTTP/1.1" 200 30 "http://localhost:8080/" "Mozilla/5.0 (Windows NT 10.0; Win64; x64) AppleWebKit/537.36 (KHTML, like Gecko) Chrome/85.0.4183.102 Safari/537.36"
::1 - - [14/Sep/2020:16:14:20 +0000] "OPTIONS /api/lists/330/items HTTP/1.1" 204 - "http://localhost:8080/" "Mozilla/5.0 (Windows NT 10.0; Win64; x64) AppleWebKit/537.36 (KHTML, like Gecko) Chrome/85.0.4183.102 Safari/537.36"
::1 - - [14/Sep/2020:16:14:20 +0000] "GET /api/lists/330/items HTTP/1.1" 200 40 "http://localhost:8080/" "Mozilla/5.0 (Windows NT 10.0; Win64; x64) AppleWebKit/537.36 (KHTML, like Gecko) Chrome/85.0.4183.102 Safari/537.36"
::1 - - [14/Sep/2020:16:14:34 +0000] "OPTIONS /api/me HTTP/1.1" 204 - "http://localhost:8080/" "Mozilla/5.0 (Windows NT 10.0; Win64; x64) AppleWebKit/537.36 (KHTML, like Gecko) Chrome/85.0.4183.102 Safari/537.36"
::1 - - [14/Sep/2020:16:14:34 +0000] "GET /api/me HTTP/1.1" 404 45 "http://localhost:8080/" "Mozilla/5.0 (Windows NT 10.0; Win64; x64) AppleWebKit/537.36 (KHTML, like Gecko) Chrome/85.0.4183.102 Safari/537.36"
::1 - - [14/Sep/2020:16:14:43 +0000] "GET /api/oauth/github/callback?code=f4f366fd7b81d912711b HTTP/1.1" 302 405 "http://localhost:8080/" "Mozilla/5.0 (Windows NT 10.0; Win64; x64) AppleWebKit/537.36 (KHTML, like Gecko) Chrome/85.0.4183.102 Safari/537.36"
::1 - - [14/Sep/2020:16:14:44 +0000] "OPTIONS /api/me HTTP/1.1" 204 - "http://localhost:8080/" "Mozilla/5.0 (Windows NT 10.0; Win64; x64) AppleWebKit/537.36 (KHTML, like Gecko) Chrome/85.0.4183.102 Safari/537.36"
::1 - - [14/Sep/2020:16:14:44 +0000] "GET /api/me HTTP/1.1" 200 131 "http://localhost:8080/" "Mozilla/5.0 (Windows NT 10.0; Win64; x64) AppleWebKit/537.36 (KHTML, like Gecko) Chrome/85.0.4183.102 Safari/537.36"
::1 - - [14/Sep/2020:16:14:44 +0000] "OPTIONS /api/lists?status=active HTTP/1.1" 204 - "http://localhost:8080/" "Mozilla/5.0 (Windows NT 10.0; Win64; x64) AppleWebKit/537.36 (KHTML, like Gecko) Chrome/85.0.4183.102 Safari/537.36"
::1 - - [14/Sep/2020:16:14:44 +0000] "GET /api/lists?status=active HTTP/1.1" 200 175 "http://localhost:8080/" "Mozilla/5.0 (Windows NT 10.0; Win64; x64) AppleWebKit/537.36 (KHTML, like Gecko) Chrome/85.0.4183.102 Safari/537.36"
::1 - - [14/Sep/2020:16:14:44 +0000] "OPTIONS /api/items HTTP/1.1" 204 - "http://localhost:8080/" "Mozilla/5.0 (Windows NT 10.0; Win64; x64) AppleWebKit/537.36 (KHTML, like Gecko) Chrome/85.0.4183.102 Safari/537.36"
::1 - - [14/Sep/2020:16:14:44 +0000] "GET /api/items HTTP/1.1" 200 207 "http://localhost:8080/" "Mozilla/5.0 (Windows NT 10.0; Win64; x64) AppleWebKit/537.36 (KHTML, like Gecko) Chrome/85.0.4183.102 Safari/537.36"
::1 - - [14/Sep/2020:16:14:44 +0000] "OPTIONS /api/lists/331/items HTTP/1.1" 204 - "http://localhost:8080/" "Mozilla/5.0 (Windows NT 10.0; Win64; x64) AppleWebKit/537.36 (KHTML, like Gecko) Chrome/85.0.4183.102 Safari/537.36"
::1 - - [14/Sep/2020:16:14:44 +0000] "GET /api/lists/331/items HTTP/1.1" 200 40 "http://localhost:8080/" "Mozilla/5.0 (Windows NT 10.0; Win64; x64) AppleWebKit/537.36 (KHTML, like Gecko) Chrome/85.0.4183.102 Safari/537.36"
